2022-09-29 18:56:49 DEBUG CabdiagFormatter:81 - Running with args: stop
2022-09-29 18:56:49 DEBUG CabdiagFormatter:200 - Jps process map: {7728=Launcher, 1111=TestDaemon, 11144=RemoteMavenServer36, 3096=Jps}
2022-09-29 18:56:49 DEBUG CabdiagFormatter:200 - Jps process map: {7728=Launcher, 1111=TestDaemon, 11144=RemoteMavenServer36, 3096=Jps}
2022-09-29 18:56:49 DEBUG CabdiagFormatter:200 - Jps process map: {7728=Launcher, 11144=RemoteMavenServer36, 3096=Jps}
2022-09-29 18:56:49 DEBUG CabdiagFormatter:200 - Jps process map: {7728=Launcher, 1111=TestDaemon, 11144=RemoteMavenServer36, 3096=Jps}
2022-09-29 18:56:49 DEBUG CabdiagFormatter:81 - Running with args: status
2022-09-29 18:56:49 DEBUG CabdiagFormatter:200 - Jps process map: {7728=Launcher, 1111=TestDaemon, 11144=RemoteMavenServer36, 3096=Jps}
2022-09-29 18:56:49 DEBUG CabdiagFormatter:200 - Jps process map: {7728=Launcher, 11144=RemoteMavenServer36, 3096=Jps}
2022-09-29 18:58:45 DEBUG CabdiagFormatter:81 - Running with args: stop
2022-09-29 18:58:45 DEBUG CabdiagFormatter:200 - Jps process map: {7728=Launcher, 1111=TestDaemon, 11144=RemoteMavenServer36, 3096=Jps}
2022-09-29 18:58:45 DEBUG CabdiagFormatter:200 - Jps process map: {7728=Launcher, 1111=TestDaemon, 11144=RemoteMavenServer36, 3096=Jps}
2022-09-30 14:21:02 DEBUG FormatDaemon:74 - Text in clipboard: 5543534
2022-09-30 14:21:02 DEBUG FormatDaemon:74 - Text in clipboard: 5543534
2022-09-30 14:21:02 DEBUG FormatDaemon:74 - Text in clipboard: 5543534
2022-09-30 14:21:02 DEBUG FormatDaemon:74 - Text in clipboard: 5543534
2022-09-30 14:21:02 DEBUG FormatDaemon:74 - Text in clipboard: 5543534
2022-09-30 14:21:02 DEBUG FormatDaemon:74 - Text in clipboard: 5543534
2022-09-30 14:21:02 DEBUG FormatDaemon:74 - Text in clipboard: 5543534
2022-09-30 14:21:02 DEBUG FormatDaemon:74 - Text in clipboard: 5543534
2022-09-30 14:21:02 DEBUG FormatDaemon:74 - Text in clipboard: 5543534
2022-09-30 14:53:48 DEBUG DefaultJdkExecutor:57 - Exec in console: "jdk\bin\java.exe com.TestDaemon"
2022-09-30 14:53:48 DEBUG DefaultJdkExecutor:57 - Exec in console: "jdk\bin\jps.exe"
2022-09-30 14:53:48 DEBUG DefaultJdkExecutor:57 - Exec in console: "jdk\bin\javaw.exe com.TestDaemon status"
2022-09-30 14:53:49 DEBUG FormatDaemon:74 - Text in clipboard: 5543534
2022-09-30 14:53:49 DEBUG FormatDaemon:74 - Text in clipboard: 5543534
2022-09-30 14:53:49 DEBUG FormatDaemon:74 - Text in clipboard: 5543534
2022-09-30 14:53:49 DEBUG FormatDaemon:74 - Text in clipboard: 5543534
2022-09-30 14:53:49 DEBUG FormatDaemon:74 - Text in clipboard: 5543534
2022-09-30 14:53:49 DEBUG FormatDaemon:74 - Text in clipboard: 5543534
2022-09-30 14:53:49 DEBUG FormatDaemon:74 - Text in clipboard: 5543534
2022-09-30 14:53:49 DEBUG FormatDaemon:74 - Text in clipboard: 5543534
2022-09-30 14:53:49 DEBUG FormatDaemon:74 - Text in clipboard: 5543534
2022-09-30 14:53:49 DEBUG DefaultJdkExecutor:57 - Exec in console: "java.exe com.TestDaemon"
2022-09-30 14:53:49 DEBUG DefaultJdkExecutor:57 - Exec in console: "jps.exe"
2022-09-30 14:53:49 DEBUG DefaultJdkExecutor:57 - Exec in console: "cmd.exe /C ipconfig /ALL"
2022-09-30 14:53:49 DEBUG DefaultJdkExecutor:57 - Exec in console: "javaw.exe com.TestDaemon status"
2022-09-30 14:53:49 DEBUG CabdiagFormatter:81 - Running with args: stop
2022-09-30 14:53:49 DEBUG CabdiagFormatter:194 - Jps process map: {7728=Launcher, 1111=TestDaemon, 11144=RemoteMavenServer36, 3096=Jps}
2022-09-30 14:53:49 DEBUG CabdiagFormatter:194 - Jps process map: {7728=Launcher, 1111=TestDaemon, 11144=RemoteMavenServer36, 3096=Jps}
2022-09-30 14:53:49 DEBUG CabdiagFormatter:194 - Jps process map: {7728=Launcher, 11144=RemoteMavenServer36, 3096=Jps}
2022-09-30 14:53:49 DEBUG CabdiagFormatter:194 - Jps process map: {7728=Launcher, 1111=TestDaemon, 11144=RemoteMavenServer36, 3096=Jps}
2022-09-30 14:53:49 DEBUG CabdiagFormatter:81 - Running with args: status
2022-09-30 14:53:49 DEBUG CabdiagFormatter:194 - Jps process map: {7728=Launcher, 1111=TestDaemon, 11144=RemoteMavenServer36, 3096=Jps}
2022-09-30 14:53:49 DEBUG CabdiagFormatter:194 - Jps process map: {7728=Launcher, 11144=RemoteMavenServer36, 3096=Jps}
2022-09-30 17:33:28 DEBUG CabdiagFormatter:77 - Running with args: stop
2022-09-30 17:33:28 DEBUG CabdiagFormatter:77 - Running with args: status
2022-09-30 17:35:36 DEBUG CabdiagFormatter:77 - Running with args: stop
2022-09-30 17:35:36 DEBUG CabdiagFormatter:189 - Jps process map: {7728=Launcher, 11144=RemoteMavenServer36, 3096=Jps, 2492=1111TestDaemon}
2022-09-30 17:35:36 DEBUG CabdiagFormatter:77 - Running with args: status
2022-09-30 17:35:36 DEBUG CabdiagFormatter:189 - Jps process map: {7728=Launcher, 11144=RemoteMavenServer36, 3096=Jps, 2492=1111TestDaemon}
2022-09-30 17:45:17 DEBUG CabdiagFormatter:77 - Running with args: stop
2022-09-30 17:45:17 DEBUG CabdiagFormatter:189 - Jps process map: {7728=Launcher, 11144=RemoteMavenServer36, 3096=Jps, 2492=1111TestDaemon}
2022-09-30 17:45:17 DEBUG CabdiagFormatter:189 - Jps process map: {7728=Launcher, 11144=RemoteMavenServer36, 3096=Jps, 2492=1111TestDaemon}
2022-09-30 18:39:18 DEBUG CabdiagFormatter:79 - Running with args: stop
2022-09-30 18:39:18 DEBUG CabdiagFormatter:192 - Jps process map: {7728=L, 1111=T, 11144=R, 3096=J}
2022-09-30 18:39:18 DEBUG CabdiagFormatter:192 - Jps process map: {7728=L, 11144=R, 3096=J}
2022-09-30 18:39:18 DEBUG CabdiagFormatter:192 - Jps process map: {7728=L, 1111=T, 11144=R, 3096=J}
2022-09-30 18:39:18 DEBUG CabdiagFormatter:79 - Running with args: status
2022-09-30 18:39:18 DEBUG CabdiagFormatter:192 - Jps process map: {7728=L, 1111=T, 11144=R, 3096=J}
2022-09-30 18:39:18 DEBUG CabdiagFormatter:192 - Jps process map: {7728=L, 11144=R, 3096=J}
2022-10-02 11:24:21 DEBUG DefaultJdkExecutor:57 - Exec in console: "jdk\bin\java.exe com.TestDaemon"
2022-10-02 11:24:21 DEBUG DefaultJdkExecutor:57 - Exec in console: "jdk\bin\jps.exe"
2022-10-02 11:24:22 DEBUG DefaultJdkExecutor:57 - Exec in console: "jdk\bin\javaw.exe com.TestDaemon status"
2022-10-02 11:24:22 DEBUG FormatDaemon:74 - Text in clipboard: 5543534
2022-10-02 11:24:22 DEBUG FormatDaemon:74 - Text in clipboard: 5543534
2022-10-02 11:24:22 DEBUG FormatDaemon:74 - Text in clipboard: 5543534
2022-10-02 11:24:22 DEBUG FormatDaemon:74 - Text in clipboard: 5543534
2022-10-02 11:24:22 DEBUG FormatDaemon:74 - Text in clipboard: 5543534
2022-10-02 11:24:22 DEBUG FormatDaemon:74 - Text in clipboard: 5543534
2022-10-02 11:24:22 DEBUG FormatDaemon:74 - Text in clipboard: 5543534
2022-10-02 11:24:22 DEBUG FormatDaemon:74 - Text in clipboard: 5543534
2022-10-02 11:24:22 DEBUG FormatDaemon:74 - Text in clipboard: 5543534
2022-10-02 11:24:22 DEBUG DefaultJdkExecutor:57 - Exec in console: "java.exe com.TestDaemon"
2022-10-02 11:24:22 DEBUG DefaultJdkExecutor:57 - Exec in console: "jps.exe"
2022-10-02 11:24:22 DEBUG DefaultJdkExecutor:57 - Exec in console: "cmd.exe /C ipconfig /ALL"
2022-10-02 11:24:22 DEBUG DefaultJdkExecutor:57 - Exec in console: "javaw.exe com.TestDaemon status"
2022-10-02 11:24:22 DEBUG CabdiagFormatter:85 - Running with args: stop
2022-10-02 11:24:22 DEBUG CabdiagFormatter:198 - Jps process map: {7728=L, 1111=T, 11144=R, 3096=J}
2022-10-02 11:24:22 DEBUG CabdiagFormatter:198 - Jps process map: {7728=L, 11144=R, 3096=J}
2022-10-02 11:24:22 DEBUG CabdiagFormatter:198 - Jps process map: {7728=L, 1111=T, 11144=R, 3096=J}
2022-10-02 11:24:22 DEBUG CabdiagFormatter:85 - Running with args: status
2022-10-02 11:24:22 DEBUG CabdiagFormatter:198 - Jps process map: {7728=L, 1111=T, 11144=R, 3096=J}
2022-10-02 11:24:22 DEBUG CabdiagFormatter:198 - Jps process map: {7728=L, 11144=R, 3096=J}
2022-10-02 11:28:09 DEBUG CabdiagFormatter:85 - Running with args: stop
2022-10-02 11:28:25 DEBUG CabdiagFormatter:191 - Jps process map: {7728=L, 1111=T, 11144=R, 3096=J}
2022-10-02 11:35:34 DEBUG CabdiagFormatter:85 - Running with args: stop
2022-10-02 11:37:40 DEBUG CabdiagFormatter:191 - Jps process map: {7728=L, 1111=T, 11144=R, 3096=J}
2022-10-02 11:37:45 DEBUG CabdiagFormatter:85 - Running with args: stop
2022-10-02 11:37:45 DEBUG CabdiagFormatter:191 - Jps process map: {7728=L, 1111=T, 11144=R, 3096=J}
2022-10-02 11:38:13 DEBUG CabdiagFormatter:85 - Running with args: stop
2022-10-02 11:39:43 DEBUG CabdiagFormatter:191 - Jps process map: {7728=L, 1111=T, 11144=R, 3096=J}
2022-10-02 11:39:49 DEBUG CabdiagFormatter:85 - Running with args: stop
2022-10-02 11:39:49 DEBUG CabdiagFormatter:191 - Jps process map: {7728=Launcher, 1111=TestDaemon, 11144=RemoteMavenServer36, 3096=Jps}
2022-10-02 11:39:49 DEBUG CabdiagFormatter:191 - Jps process map: {7728=Launcher, 1111=TestDaemon, 11144=RemoteMavenServer36, 3096=Jps}
2022-10-02 11:39:58 DEBUG CabdiagFormatter:85 - Running with args: stop
2022-10-02 11:39:58 DEBUG CabdiagFormatter:191 - Jps process map: {7728=Launcher, 1111=TestDaemon, 11144=RemoteMavenServer36, 3096=Jps}
2022-10-02 11:39:58 DEBUG CabdiagFormatter:191 - Jps process map: {7728=Launcher, 1111=TestDaemon, 11144=RemoteMavenServer36, 3096=Jps}
2022-10-02 11:39:58 DEBUG CabdiagFormatter:191 - Jps process map: {7728=Launcher, 11144=RemoteMavenServer36, 3096=Jps}
2022-10-02 11:39:58 DEBUG CabdiagFormatter:191 - Jps process map: {7728=Launcher, 1111=TestDaemon, 11144=RemoteMavenServer36, 3096=Jps}
2022-10-02 11:39:58 DEBUG CabdiagFormatter:85 - Running with args: status
2022-10-02 11:39:58 DEBUG CabdiagFormatter:191 - Jps process map: {7728=Launcher, 1111=TestDaemon, 11144=RemoteMavenServer36, 3096=Jps}
2022-10-02 11:39:58 DEBUG CabdiagFormatter:191 - Jps process map: {7728=Launcher, 11144=RemoteMavenServer36, 3096=Jps}
2022-10-02 12:10:53 DEBUG DefaultJdkExecutor:57 - Exec in console: "jdk\bin\java.exe -cp testJarName com.TestDaemon"
2022-10-02 12:10:53 DEBUG DefaultJdkExecutor:57 - Exec in console: "jdk\bin\jps.exe"
2022-10-02 12:10:53 DEBUG DefaultJdkExecutor:57 - Exec in console: "jdk\bin\javaw.exe -cp testJarName com.TestDaemon status"
2022-10-02 12:11:29 DEBUG DefaultJdkExecutor:57 - Exec in console: "jdk\bin\java.exe -cp testJarName com.TestDaemon"
2022-10-02 12:11:29 DEBUG DefaultJdkExecutor:57 - Exec in console: "jdk\bin\jps.exe"
2022-10-02 12:11:29 DEBUG DefaultJdkExecutor:57 - Exec in console: "jdk\bin\javaw.exe -cp testJarName com.TestDaemon status"
2022-10-02 12:12:15 DEBUG CabdiagFormatter:85 - Running with args: stop
2022-10-02 12:12:15 DEBUG CabdiagFormatter:189 - Jps process map: {7728=Launcher, 1111=TestDaemon, 11144=RemoteMavenServer36, 3096=Jps}
2022-10-02 12:12:15 DEBUG CabdiagFormatter:189 - Jps process map: {7728=Launcher, 1111=TestDaemon, 11144=RemoteMavenServer36, 3096=Jps}
2022-10-02 12:12:15 DEBUG CabdiagFormatter:189 - Jps process map: {7728=Launcher, 11144=RemoteMavenServer36, 3096=Jps}
2022-10-02 12:12:15 DEBUG CabdiagFormatter:189 - Jps process map: {7728=Launcher, 1111=TestDaemon, 11144=RemoteMavenServer36, 3096=Jps}
2022-10-02 12:12:15 DEBUG CabdiagFormatter:85 - Running with args: status
2022-10-02 12:12:15 DEBUG CabdiagFormatter:189 - Jps process map: {7728=Launcher, 1111=TestDaemon, 11144=RemoteMavenServer36, 3096=Jps}
2022-10-02 12:12:15 DEBUG CabdiagFormatter:189 - Jps process map: {7728=Launcher, 11144=RemoteMavenServer36, 3096=Jps}
2022-10-02 15:40:13 DEBUG DefaultJdkExecutor:57 - Exec in console: "jdk\bin\java.exe -cp testJarName com.TestDaemon"
2022-10-02 15:40:13 DEBUG DefaultJdkExecutor:57 - Exec in console: "jdk\bin\jps.exe"
2022-10-02 15:40:13 DEBUG DefaultJdkExecutor:57 - Exec in console: "jdk\bin\javaw.exe -cp testJarName com.TestDaemon status"
2022-10-02 15:40:13 DEBUG FormatDaemon:74 - Text in clipboard: 5543534
2022-10-02 15:40:13 DEBUG FormatDaemon:74 - Text in clipboard: 5543534
2022-10-02 15:40:13 DEBUG FormatDaemon:74 - Text in clipboard: 5543534
2022-10-02 15:40:13 DEBUG FormatDaemon:74 - Text in clipboard: 5543534
2022-10-02 15:40:14 DEBUG FormatDaemon:74 - Text in clipboard: 5543534
2022-10-02 15:40:14 DEBUG FormatDaemon:74 - Text in clipboard: 5543534
2022-10-02 15:40:14 DEBUG FormatDaemon:74 - Text in clipboard: 5543534
2022-10-02 15:40:14 DEBUG FormatDaemon:74 - Text in clipboard: 5543534
2022-10-02 15:40:14 DEBUG FormatDaemon:74 - Text in clipboard: 5543534
2022-10-02 15:40:14 DEBUG DefaultJdkExecutor:57 - Exec in console: "java.exe com.TestDaemon"
2022-10-02 15:40:14 DEBUG DefaultJdkExecutor:57 - Exec in console: "jps.exe"
2022-10-02 15:40:14 DEBUG DefaultJdkExecutor:57 - Exec in console: "cmd.exe /C ipconfig /ALL"
2022-10-02 15:40:14 DEBUG DefaultJdkExecutor:57 - Exec in console: "javaw.exe com.TestDaemon status"
2022-10-02 15:40:14 DEBUG CabdiagFormatter:79 - Running with args: stop
2022-10-02 15:40:14 DEBUG CabdiagFormatter:183 - Jps process map: {7728=Launcher, 1111=TestDaemon, 11144=RemoteMavenServer36, 3096=Jps}
2022-10-02 15:40:14 DEBUG CabdiagFormatter:183 - Jps process map: {7728=Launcher, 1111=TestDaemon, 11144=RemoteMavenServer36, 3096=Jps}
2022-10-02 15:40:14 DEBUG CabdiagFormatter:183 - Jps process map: {7728=Launcher, 11144=RemoteMavenServer36, 3096=Jps}
2022-10-02 15:40:14 DEBUG CabdiagFormatter:183 - Jps process map: {7728=Launcher, 1111=TestDaemon, 11144=RemoteMavenServer36, 3096=Jps}
2022-10-02 15:40:14 DEBUG CabdiagFormatter:79 - Running with args: status
2022-10-02 15:40:14 DEBUG CabdiagFormatter:183 - Jps process map: {7728=Launcher, 1111=TestDaemon, 11144=RemoteMavenServer36, 3096=Jps}
2022-10-02 15:40:14 DEBUG CabdiagFormatter:183 - Jps process map: {7728=Launcher, 11144=RemoteMavenServer36, 3096=Jps}
2022-10-06 16:04:52 DEBUG DefaultJdkExecutor:57 - Exec in console: "jdk\bin\java.exe -cp testJarName com.TestDaemon"
2022-10-06 16:04:52 DEBUG DefaultJdkExecutor:57 - Exec in console: "jdk\bin\jps.exe"
2022-10-06 16:04:52 DEBUG DefaultJdkExecutor:57 - Exec in console: "jdk\bin\javaw.exe -cp testJarName com.TestDaemon status"
2022-10-06 16:04:53 DEBUG FormatDaemon:74 - Text in clipboard: 5543534
2022-10-06 16:04:53 DEBUG FormatDaemon:74 - Text in clipboard: 5543534
2022-10-06 16:04:53 DEBUG FormatDaemon:74 - Text in clipboard: 5543534
2022-10-06 16:04:53 DEBUG FormatDaemon:74 - Text in clipboard: 5543534
2022-10-06 16:04:53 DEBUG FormatDaemon:74 - Text in clipboard: 5543534
2022-10-06 16:04:53 DEBUG FormatDaemon:74 - Text in clipboard: 5543534
2022-10-06 16:04:53 DEBUG FormatDaemon:74 - Text in clipboard: 5543534
2022-10-06 16:04:53 DEBUG FormatDaemon:74 - Text in clipboard: 5543534
2022-10-06 16:04:53 DEBUG FormatDaemon:74 - Text in clipboard: 5543534
2022-10-06 16:04:53 DEBUG DefaultJdkExecutor:57 - Exec in console: "java.exe com.TestDaemon"
2022-10-06 16:04:53 DEBUG DefaultJdkExecutor:57 - Exec in console: "jps.exe"
2022-10-06 16:04:53 DEBUG DefaultJdkExecutor:57 - Exec in console: "cmd.exe /C ipconfig /ALL"
2022-10-06 16:04:53 DEBUG DefaultJdkExecutor:57 - Exec in console: "javaw.exe com.TestDaemon status"
2022-10-06 16:04:53 DEBUG CabdiagFormatter:79 - Running with args: stop
2022-10-06 16:04:53 DEBUG CabdiagFormatter:182 - Jps process map: {7728=Launcher, 1111=TestDaemon, 11144=RemoteMavenServer36, 3096=Jps}
2022-10-06 16:04:53 DEBUG CabdiagFormatter:182 - Jps process map: {7728=Launcher, 1111=TestDaemon, 11144=RemoteMavenServer36, 3096=Jps}
2022-10-06 16:04:53 DEBUG CabdiagFormatter:182 - Jps process map: {7728=Launcher, 11144=RemoteMavenServer36, 3096=Jps}
2022-10-06 16:04:53 DEBUG CabdiagFormatter:182 - Jps process map: {7728=Launcher, 1111=TestDaemon, 11144=RemoteMavenServer36, 3096=Jps}
2022-10-06 16:04:53 DEBUG CabdiagFormatter:79 - Running with args: status
2022-10-06 16:04:53 DEBUG CabdiagFormatter:182 - Jps process map: {7728=Launcher, 1111=TestDaemon, 11144=RemoteMavenServer36, 3096=Jps}
2022-10-06 16:04:53 DEBUG CabdiagFormatter:182 - Jps process map: {7728=Launcher, 11144=RemoteMavenServer36, 3096=Jps}
